<?xml version="1.0" encoding="UTF-8"?>
<testsuites name="jest tests" tests="1" failures="1" errors="0" time="27.137">
  <testsuite name="nodepilot.test.ts" errors="0" failures="1" skipped="0" timestamp="2024-08-07T12:06:10" time="27.087" tests="1">
    <testcase classname=" TC2701 - Applications: Deploy Nodepilot" name=" TC2701 - Applications: Deploy Nodepilot" time="19.517">
      <failure>Error: Failed to deploy the deployment on node 2014.
	 Error getting node twin ID for ID 2014
	 RequestError: HTTP request failed .
    at sendWithFullResponse (/home/harby/Projects/tfgrid-sdk-ts/packages/grid_client/src/helpers/requests.ts:19:11)
    at processTicksAndRejections (node:internal/process/task_queues:95:5)
    at send (/home/harby/Projects/tfgrid-sdk-ts/packages/grid_client/src/helpers/requests.ts:24:20)
    at Graphql.query (/home/harby/Projects/tfgrid-sdk-ts/packages/grid_client/src/clients/graphql/client.ts:14:22)
    at TwinDeploymentHandler.sendToNode (/home/harby/Projects/tfgrid-sdk-ts/packages/grid_client/src/high_level/twinDeploymentHandler.ts:64:28)
    at TwinDeploymentHandler.handle (/home/harby/Projects/tfgrid-sdk-ts/packages/grid_client/src/high_level/twinDeploymentHandler.ts:570:11)
    at MachinesModule.deploy (/home/harby/Projects/tfgrid-sdk-ts/packages/grid_client/src/modules/machines.ts:100:23)
    at MachinesModule.descriptor.value (/home/harby/Projects/tfgrid-sdk-ts/packages/grid_client/src/modules/utils.ts:11:12)
    at Object.&lt;anonymous&gt; (/home/harby/Projects/tfgrid-sdk-ts/packages/grid_client/tests/modules/applications/nodepilot.test.ts:113:15)</failure>
    </testcase>
  </testsuite>
</testsuites>