<?xml version="1.0" encoding="UTF-8"?>
<testsuites name="jest tests" tests="6" failures="0" errors="11" time="314.995">
  <testsuite name="tests/modules/stellar.test.ts" errors="1" failures="0" skipped="0" timestamp="1970-01-01T00:00:00" time="0" tests="0">
    <testcase classname="Test suite failed to run" name="tests/modules/stellar.test.ts" time="0">
      <error>  ● Test suite failed to run

    ENOENT: no such file or directory, open &apos;/home/thunder/.ssh/id_ed25519.pub&apos;

      10 | const mnemonic = env.MNEMONIC;
      11 | const storeSecret = env.STORE_SECRET;
    &gt; 12 | const ssh_key = fs.readFileSync(os.homedir() + &quot;/.ssh/id_ed25519.pub&quot;, &quot;utf-8&quot;);
         |                    ^
      13 | let config;
      14 |
      15 | if (!network || !mnemonic || !ssh_key) {

      at Object.&lt;anonymous&gt; (tests/client_loader.ts:12:20)
      at Object.&lt;anonymous&gt; (tests/modules/stellar.test.ts:8:1)
</error>
    </testcase>
    <testcase classname="Test suite failed to run" name="tests/modules/stellar.test.ts" time="0">
      <failure>&quot;ENOENT: no such file or directory, open &apos;/home/thunder/.ssh/id_ed25519.pub&apos;&quot;</failure>
    </testcase>
  </testsuite>
  <testsuite name="tests/modules/kubernetes.test.ts" errors="1" failures="0" skipped="0" timestamp="1970-01-01T00:00:00" time="0" tests="0">
    <testcase classname="Test suite failed to run" name="tests/modules/kubernetes.test.ts" time="0">
      <error>  ● Test suite failed to run

    ENOENT: no such file or directory, open &apos;/home/thunder/.ssh/id_ed25519.pub&apos;

      10 | const mnemonic = env.MNEMONIC;
      11 | const storeSecret = env.STORE_SECRET;
    &gt; 12 | const ssh_key = fs.readFileSync(os.homedir() + &quot;/.ssh/id_ed25519.pub&quot;, &quot;utf-8&quot;);
         |                    ^
      13 | let config;
      14 |
      15 | if (!network || !mnemonic || !ssh_key) {

      at Object.&lt;anonymous&gt; (tests/client_loader.ts:12:20)
      at Object.&lt;anonymous&gt; (tests/modules/kubernetes.test.ts:10:1)
</error>
    </testcase>
    <testcase classname="Test suite failed to run" name="tests/modules/kubernetes.test.ts" time="0">
      <failure>&quot;ENOENT: no such file or directory, open &apos;/home/thunder/.ssh/id_ed25519.pub&apos;&quot;</failure>
    </testcase>
  </testsuite>
  <testsuite name="tests/modules/gateways.test.ts" errors="1" failures="0" skipped="0" timestamp="1970-01-01T00:00:00" time="0" tests="0">
    <testcase classname="Test suite failed to run" name="tests/modules/gateways.test.ts" time="0">
      <error>  ● Test suite failed to run

    ENOENT: no such file or directory, open &apos;/home/thunder/.ssh/id_ed25519.pub&apos;

      10 | const mnemonic = env.MNEMONIC;
      11 | const storeSecret = env.STORE_SECRET;
    &gt; 12 | const ssh_key = fs.readFileSync(os.homedir() + &quot;/.ssh/id_ed25519.pub&quot;, &quot;utf-8&quot;);
         |                    ^
      13 | let config;
      14 |
      15 | if (!network || !mnemonic || !ssh_key) {

      at Object.&lt;anonymous&gt; (tests/client_loader.ts:12:20)
      at Object.&lt;anonymous&gt; (tests/modules/gateways.test.ts:5:1)
</error>
    </testcase>
    <testcase classname="Test suite failed to run" name="tests/modules/gateways.test.ts" time="0">
      <failure>&quot;ENOENT: no such file or directory, open &apos;/home/thunder/.ssh/id_ed25519.pub&apos;&quot;</failure>
    </testcase>
  </testsuite>
  <testsuite name="tests/modules/algorand.test.ts" errors="1" failures="0" skipped="0" timestamp="1970-01-01T00:00:00" time="0" tests="0">
    <testcase classname="Test suite failed to run" name="tests/modules/algorand.test.ts" time="0">
      <error>  ● Test suite failed to run

    ENOENT: no such file or directory, open &apos;/home/thunder/.ssh/id_ed25519.pub&apos;

      10 | const mnemonic = env.MNEMONIC;
      11 | const storeSecret = env.STORE_SECRET;
    &gt; 12 | const ssh_key = fs.readFileSync(os.homedir() + &quot;/.ssh/id_ed25519.pub&quot;, &quot;utf-8&quot;);
         |                    ^
      13 | let config;
      14 |
      15 | if (!network || !mnemonic || !ssh_key) {

      at Object.&lt;anonymous&gt; (tests/client_loader.ts:12:20)
      at Object.&lt;anonymous&gt; (tests/modules/algorand.test.ts:8:1)
</error>
    </testcase>
    <testcase classname="Test suite failed to run" name="tests/modules/algorand.test.ts" time="0">
      <failure>&quot;ENOENT: no such file or directory, open &apos;/home/thunder/.ssh/id_ed25519.pub&apos;&quot;</failure>
    </testcase>
  </testsuite>
  <testsuite name="tests/modules/vm.test.ts" errors="1" failures="0" skipped="0" timestamp="1970-01-01T00:00:00" time="0" tests="0">
    <testcase classname="Test suite failed to run" name="tests/modules/vm.test.ts" time="0">
      <error>  ● Test suite failed to run

    ENOENT: no such file or directory, open &apos;/home/thunder/.ssh/id_ed25519.pub&apos;

      10 | const mnemonic = env.MNEMONIC;
      11 | const storeSecret = env.STORE_SECRET;
    &gt; 12 | const ssh_key = fs.readFileSync(os.homedir() + &quot;/.ssh/id_ed25519.pub&quot;, &quot;utf-8&quot;);
         |                    ^
      13 | let config;
      14 |
      15 | if (!network || !mnemonic || !ssh_key) {

      at Object.&lt;anonymous&gt; (tests/client_loader.ts:12:20)
      at Object.&lt;anonymous&gt; (tests/modules/vm.test.ts:2:1)
</error>
    </testcase>
    <testcase classname="Test suite failed to run" name="tests/modules/vm.test.ts" time="0">
      <failure>&quot;ENOENT: no such file or directory, open &apos;/home/thunder/.ssh/id_ed25519.pub&apos;&quot;</failure>
    </testcase>
  </testsuite>
  <testsuite name="tests/modules/tfchain.test.ts" errors="1" failures="0" skipped="0" timestamp="1970-01-01T00:00:00" time="0" tests="0">
    <testcase classname="Test suite failed to run" name="tests/modules/tfchain.test.ts" time="0">
      <error>  ● Test suite failed to run

    ENOENT: no such file or directory, open &apos;/home/thunder/.ssh/id_ed25519.pub&apos;

      10 | const mnemonic = env.MNEMONIC;
      11 | const storeSecret = env.STORE_SECRET;
    &gt; 12 | const ssh_key = fs.readFileSync(os.homedir() + &quot;/.ssh/id_ed25519.pub&quot;, &quot;utf-8&quot;);
         |                    ^
      13 | let config;
      14 |
      15 | if (!network || !mnemonic || !ssh_key) {

      at Object.&lt;anonymous&gt; (tests/client_loader.ts:12:20)
      at Object.&lt;anonymous&gt; (tests/modules/tfchain.test.ts:9:1)
</error>
    </testcase>
    <testcase classname="Test suite failed to run" name="tests/modules/tfchain.test.ts" time="0">
      <failure>&quot;ENOENT: no such file or directory, open &apos;/home/thunder/.ssh/id_ed25519.pub&apos;&quot;</failure>
    </testcase>
  </testsuite>
  <testsuite name="tests/modules/qsfs.test.ts" errors="1" failures="0" skipped="0" timestamp="1970-01-01T00:00:00" time="0" tests="0">
    <testcase classname="Test suite failed to run" name="tests/modules/qsfs.test.ts" time="0">
      <error>  ● Test suite failed to run

    ENOENT: no such file or directory, open &apos;/home/thunder/.ssh/id_ed25519.pub&apos;

      10 | const mnemonic = env.MNEMONIC;
      11 | const storeSecret = env.STORE_SECRET;
    &gt; 12 | const ssh_key = fs.readFileSync(os.homedir() + &quot;/.ssh/id_ed25519.pub&quot;, &quot;utf-8&quot;);
         |                    ^
      13 | let config;
      14 |
      15 | if (!network || !mnemonic || !ssh_key) {

      at Object.&lt;anonymous&gt; (tests/client_loader.ts:12:20)
      at Object.&lt;anonymous&gt; (tests/modules/qsfs.test.ts:10:1)
</error>
    </testcase>
    <testcase classname="Test suite failed to run" name="tests/modules/qsfs.test.ts" time="0">
      <failure>&quot;ENOENT: no such file or directory, open &apos;/home/thunder/.ssh/id_ed25519.pub&apos;&quot;</failure>
    </testcase>
  </testsuite>
  <testsuite name="query_ot_string.test.ts" errors="0" failures="0" skipped="0" timestamp="2024-03-31T12:16:01" time="0.858" tests="6">
    <testcase classname="convertObjectToQueryString should return an empty string when given an empty object" name="convertObjectToQueryString should return an empty string when given an empty object" time="0.003">
    </testcase>
    <testcase classname="convertObjectToQueryString should correctly convert an object with string values to a query string" name="convertObjectToQueryString should correctly convert an object with string values to a query string" time="0.001">
    </testcase>
    <testcase classname="convertObjectToQueryString should correctly convert an object with number values to a query string" name="convertObjectToQueryString should correctly convert an object with number values to a query string" time="0.001">
    </testcase>
    <testcase classname="convertObjectToQueryString should correctly convert an object with mixed types of values to a query string" name="convertObjectToQueryString should correctly convert an object with mixed types of values to a query string" time="0">
    </testcase>
    <testcase classname="convertObjectToQueryString should filter out undefined values from the object" name="convertObjectToQueryString should filter out undefined values from the object" time="0.001">
    </testcase>
    <testcase classname="convertObjectToQueryString should filter out empty string values from the object" name="convertObjectToQueryString should filter out empty string values from the object" time="0">
    </testcase>
  </testsuite>
  <testsuite name="tests/modules/kvstore.test.ts" errors="1" failures="0" skipped="0" timestamp="1970-01-01T00:00:00" time="0" tests="0">
    <testcase classname="Test suite failed to run" name="tests/modules/kvstore.test.ts" time="0">
      <error>  ● Test suite failed to run

    ENOENT: no such file or directory, open &apos;/home/thunder/.ssh/id_ed25519.pub&apos;

      10 | const mnemonic = env.MNEMONIC;
      11 | const storeSecret = env.STORE_SECRET;
    &gt; 12 | const ssh_key = fs.readFileSync(os.homedir() + &quot;/.ssh/id_ed25519.pub&quot;, &quot;utf-8&quot;);
         |                    ^
      13 | let config;
      14 |
      15 | if (!network || !mnemonic || !ssh_key) {

      at Object.&lt;anonymous&gt; (tests/client_loader.ts:12:20)
      at Object.&lt;anonymous&gt; (tests/modules/kvstore.test.ts:2:1)
</error>
    </testcase>
    <testcase classname="Test suite failed to run" name="tests/modules/kvstore.test.ts" time="0">
      <failure>&quot;ENOENT: no such file or directory, open &apos;/home/thunder/.ssh/id_ed25519.pub&apos;&quot;</failure>
    </testcase>
  </testsuite>
  <testsuite name="tests/modules/capacity_planner.test.ts" errors="1" failures="0" skipped="0" timestamp="1970-01-01T00:00:00" time="0" tests="0">
    <testcase classname="Test suite failed to run" name="tests/modules/capacity_planner.test.ts" time="0">
      <error>  ● Test suite failed to run

    ENOENT: no such file or directory, open &apos;/home/thunder/.ssh/id_ed25519.pub&apos;

      10 | const mnemonic = env.MNEMONIC;
      11 | const storeSecret = env.STORE_SECRET;
    &gt; 12 | const ssh_key = fs.readFileSync(os.homedir() + &quot;/.ssh/id_ed25519.pub&quot;, &quot;utf-8&quot;);
         |                    ^
      13 | let config;
      14 |
      15 | if (!network || !mnemonic || !ssh_key) {

      at Object.&lt;anonymous&gt; (tests/client_loader.ts:12:20)
      at Object.&lt;anonymous&gt; (tests/modules/capacity_planner.test.ts:11:1)
</error>
    </testcase>
    <testcase classname="Test suite failed to run" name="tests/modules/capacity_planner.test.ts" time="0">
      <failure>&quot;ENOENT: no such file or directory, open &apos;/home/thunder/.ssh/id_ed25519.pub&apos;&quot;</failure>
    </testcase>
  </testsuite>
  <testsuite name="tests/modules/contracts.test.ts" errors="1" failures="0" skipped="0" timestamp="1970-01-01T00:00:00" time="0" tests="0">
    <testcase classname="Test suite failed to run" name="tests/modules/contracts.test.ts" time="0">
      <error>  ● Test suite failed to run

    ENOENT: no such file or directory, open &apos;/home/thunder/.ssh/id_ed25519.pub&apos;

      10 | const mnemonic = env.MNEMONIC;
      11 | const storeSecret = env.STORE_SECRET;
    &gt; 12 | const ssh_key = fs.readFileSync(os.homedir() + &quot;/.ssh/id_ed25519.pub&quot;, &quot;utf-8&quot;);
         |                    ^
      13 | let config;
      14 |
      15 | if (!network || !mnemonic || !ssh_key) {

      at Object.&lt;anonymous&gt; (tests/client_loader.ts:12:20)
      at Object.&lt;anonymous&gt; (tests/modules/contracts.test.ts:12:1)
</error>
    </testcase>
    <testcase classname="Test suite failed to run" name="tests/modules/contracts.test.ts" time="0">
      <failure>&quot;ENOENT: no such file or directory, open &apos;/home/thunder/.ssh/id_ed25519.pub&apos;&quot;</failure>
    </testcase>
  </testsuite>
  <testsuite name="tests/modules/zdb.test.ts" errors="1" failures="0" skipped="0" timestamp="1970-01-01T00:00:00" time="0" tests="0">
    <testcase classname="Test suite failed to run" name="tests/modules/zdb.test.ts" time="0">
      <error>  ● Test suite failed to run

    ENOENT: no such file or directory, open &apos;/home/thunder/.ssh/id_ed25519.pub&apos;

      10 | const mnemonic = env.MNEMONIC;
      11 | const storeSecret = env.STORE_SECRET;
    &gt; 12 | const ssh_key = fs.readFileSync(os.homedir() + &quot;/.ssh/id_ed25519.pub&quot;, &quot;utf-8&quot;);
         |                    ^
      13 | let config;
      14 |
      15 | if (!network || !mnemonic || !ssh_key) {

      at Object.&lt;anonymous&gt; (tests/client_loader.ts:12:20)
      at Object.&lt;anonymous&gt; (tests/modules/zdb.test.ts:4:1)
</error>
    </testcase>
    <testcase classname="Test suite failed to run" name="tests/modules/zdb.test.ts" time="0">
      <failure>&quot;ENOENT: no such file or directory, open &apos;/home/thunder/.ssh/id_ed25519.pub&apos;&quot;</failure>
    </testcase>
  </testsuite>
</testsuites>